!SESSION 2015-08-26 20:35:38.943 -----------------------------------------------
eclipse.buildId=unknown
java.version=1.6.0_25
java.vendor=Sun Microsystems Inc.
BootLoader constants: OS=win32, ARCH=x86, WS=win32, NL=ru_RU
Framework arguments:  -application org.eclipse.equinox.p2.director -repository file:/C:/Jenkins/jobs/DCO%20Release%20hotfix/workspace/buckminster.output/se.highex.dco.site_1.0.0-eclipse.feature/site.p2/ -destination C:\Jenkins\jobs\DCO Release hotfix\workspace\buckminster.output\se.highex.dco.site_1.0.0-eclipse.feature\dco.win32.win32.x86 -profile DcoProfile -profileProperties org.eclipse.update.install.features=true -installIU se.highex.dbo.product -p2.os win32 -p2.ws win32 -p2.arch x86
Command-line arguments:  -application org.eclipse.equinox.p2.director -repository file:/C:/Jenkins/jobs/DCO%20Release%20hotfix/workspace/buckminster.output/se.highex.dco.site_1.0.0-eclipse.feature/site.p2/ -destination C:\Jenkins\jobs\DCO Release hotfix\workspace\buckminster.output\se.highex.dco.site_1.0.0-eclipse.feature\dco.win32.win32.x86 -profile DcoProfile -profileProperties org.eclipse.update.install.features=true -installIU se.highex.dbo.product -p2.os win32 -p2.ws win32 -p2.arch x86 -consoleLog

!ENTRY org.eclipse.equinox.p2.engine 4 4 2015-08-26 20:37:06.693
!MESSAGE An error occurred while collecting items to be installed
!SUBENTRY 1 org.eclipse.equinox.p2.engine 4 0 2015-08-26 20:37:06.693
!MESSAGE session context was:(profile=DcoProfile, phase=org.eclipse.equinox.internal.p2.engine.phases.Collect, operand=, action=).
!SUBENTRY 1 org.eclipse.equinox.p2.artifact.repository 4 0 2015-08-26 20:37:06.693
!MESSAGE Problems downloading artifact: osgi.bundle,com.businessobjects.crystalreports.crsdk.designer.libs,12.2.213.r1476.
!SUBENTRY 2 org.eclipse.equinox.p2.artifact.repository 4 4 2015-08-26 20:37:06.693
!MESSAGE File has invalid content:C:\DOCUME~1\jenkins\LOCALS~1\Temp\signatureFile1872633279435610069.jar
!SUBENTRY 3 org.eclipse.equinox.p2.artifact.repository 4 0 2015-08-26 20:37:06.693
!MESSAGE Out of memory: Cannot verify signed content.
!STACK 0
java.lang.OutOfMemoryError
	at java.util.zip.Inflater.inflateBytes(Native Method)
	at java.util.zip.Inflater.inflate(Inflater.java:238)
	at java.util.zip.InflaterInputStream.read(InflaterInputStream.java:135)
	at java.io.FilterInputStream.read(FilterInputStream.java:116)
	at org.eclipse.osgi.internal.signedcontent.DigestedInputStream.read(DigestedInputStream.java:119)
	at org.eclipse.osgi.baseadaptor.bundlefile.BundleEntry.getBytes(BundleEntry.java:102)
	at org.eclipse.osgi.internal.signedcontent.SignedContentImpl$SignedContentEntryImpl.verify(SignedContentImpl.java:167)
	at org.eclipse.osgi.internal.signedcontent.SignedContentFile.getSignedEntries(SignedContentFile.java:51)
	at org.eclipse.equinox.internal.p2.artifact.repository.SignatureVerifier.verifyContent(SignatureVerifier.java:82)
	at org.eclipse.equinox.internal.p2.artifact.repository.SignatureVerifier.verify(SignatureVerifier.java:59)
	at org.eclipse.equinox.internal.p2.artifact.repository.SignatureVerifier.close(SignatureVerifier.java:100)
	at org.eclipse.equinox.internal.provisional.p2.artifact.repository.processing.ProcessingStep.close(ProcessingStep.java:85)
	at org.eclipse.equinox.internal.p2.artifact.processors.md5.MD5Verifier.close(MD5Verifier.java:82)
	at org.eclipse.equinox.internal.p2.artifact.repository.simple.SimpleArtifactRepository.reportStatus(SimpleArtifactRepository.java:906)
	at org.eclipse.equinox.internal.p2.artifact.repository.simple.SimpleArtifactRepository.downloadArtifact(SimpleArtifactRepository.java:510)
	at org.eclipse.equinox.internal.p2.artifact.repository.simple.SimpleArtifactRepository.getArtifact(SimpleArtifactRepository.java:576)
	at org.eclipse.equinox.internal.p2.artifact.repository.MirrorRequest.getArtifact(MirrorRequest.java:248)
	at org.eclipse.equinox.internal.p2.artifact.repository.MirrorRequest.transferSingle(MirrorRequest.java:223)
	at org.eclipse.equinox.internal.p2.artifact.repository.MirrorRequest.transfer(MirrorRequest.java:179)
	at org.eclipse.equinox.internal.p2.artifact.repository.MirrorRequest.perform(MirrorRequest.java:115)
	at org.eclipse.equinox.internal.p2.artifact.repository.simple.SimpleArtifactRepository.getArtifact(SimpleArtifactRepository.java:565)
	at org.eclipse.equinox.internal.p2.artifact.repository.simple.SimpleArtifactRepository.getArtifacts(SimpleArtifactRepository.java:616)
	at org.eclipse.equinox.internal.p2.engine.DownloadManager.fetch(DownloadManager.java:110)
	at org.eclipse.equinox.internal.p2.engine.DownloadManager.start(DownloadManager.java:99)
	at org.eclipse.equinox.internal.p2.engine.phases.Collect.completePhase(Collect.java:76)
	at org.eclipse.equinox.internal.p2.engine.Phase.postPerform(Phase.java:216)
	at org.eclipse.equinox.internal.p2.engine.Phase.perform(Phase.java:84)
	at org.eclipse.equinox.internal.p2.engine.PhaseSet.perform(PhaseSet.java:44)
	at org.eclipse.equinox.internal.p2.engine.Engine.perform(Engine.java:73)
	at org.eclipse.equinox.internal.p2.engine.Engine.perform(Engine.java:44)
	at org.eclipse.equinox.internal.provisional.p2.director.PlanExecutionHelper.executePlan(PlanExecutionHelper.java:41)
	at org.eclipse.equinox.internal.provisional.p2.director.PlanExecutionHelper.executePlan(PlanExecutionHelper.java:23)
	at org.eclipse.equinox.internal.p2.director.app.DirectorApplication.executePlan(DirectorApplication.java:575)
	at org.eclipse.equinox.internal.p2.director.app.DirectorApplication.planAndExecute(DirectorApplication.java:569)
	at org.eclipse.equinox.internal.p2.director.app.DirectorApplication.performProvisioningActions(DirectorApplication.java:556)
	at org.eclipse.equinox.internal.p2.director.app.DirectorApplication.run(DirectorApplication.java:807)
	at org.eclipse.equinox.internal.p2.director.app.DirectorApplication.start(DirectorApplication.java:961)
	at org.eclipse.equinox.internal.app.EclipseAppHandle.run(EclipseAppHandle.java:196)
	at org.eclipse.core.runtime.internal.adaptor.EclipseAppLauncher.runApplication(EclipseAppLauncher.java:110)
	at org.eclipse.core.runtime.internal.adaptor.EclipseAppLauncher.start(EclipseAppLauncher.java:79)
	at org.eclipse.core.runtime.adaptor.EclipseStarter.run(EclipseStarter.java:369)
	at org.eclipse.core.runtime.adaptor.EclipseStarter.run(EclipseStarter.java:179)
	at sun.reflect.NativeMethodAccessorImpl.invoke0(Native Method)
	at sun.reflect.NativeMethodAccessorImpl.invoke(NativeMethodAccessorImpl.java:39)
	at sun.reflect.DelegatingMethodAccessorImpl.invoke(DelegatingMethodAccessorImpl.java:25)
	at java.lang.reflect.Method.invoke(Method.java:597)
	at org.eclipse.equinox.launcher.Main.invokeFramework(Main.java:620)
	at org.eclipse.equinox.launcher.Main.basicRun(Main.java:575)
	at org.eclipse.equinox.launcher.Main.run(Main.java:1408)
	at org.eclipse.equinox.launcher.Main.main(Main.java:1384)
